2025-02-12 14:38:13,461 - INFO - Seed: 0
2025-02-12 14:38:16,304 - INFO - NRMSE: 830.1597906816446
2025-02-12 14:39:25,043 - INFO - Seed: 1
2025-02-12 14:39:25,147 - INFO - NRMSE: 830.1605987287849
2025-02-12 14:48:16,487 - INFO - Seed: 0
2025-02-12 14:48:16,567 - INFO - NRMSE: 0.07441240212780885
2025-02-12 14:48:45,699 - INFO - Seed: 1
2025-02-12 14:48:45,777 - INFO - NRMSE: 0.07441240214439812
2025-02-12 14:51:29,116 - INFO - Seed: 0
2025-02-12 14:51:29,205 - INFO - NRMSE: 0.07441240212780885
2025-02-12 14:51:59,580 - INFO - Seed: 1
2025-02-12 14:51:59,642 - INFO - NRMSE: 0.07441240214439812
2025-02-12 14:55:17,001 - INFO - Seed: 0
2025-02-12 14:55:17,090 - INFO - NRMSE: 0.1943379938191203
2025-02-12 14:57:21,472 - INFO - Seed: 0
2025-02-12 14:57:21,570 - INFO - NRMSE: 14.519911653782733
2025-02-14 12:02:02,989 - INFO - Seed: 0
2025-02-14 12:02:02,990 - INFO - Model Pretty Output:
-637.8875265273954⋅x₁ - 637.8875265273954⋅expneg(x₁ + expneg(85.4672872872024⋅
x₁ + 1.8168101809208005) - 0.5467780601705482)
2025-02-14 12:02:03,049 - INFO - NRMSE: 0.48645271056119904
2025-02-14 12:18:00,129 - INFO - Seed: 0
2025-02-14 12:18:00,129 - INFO - Model Pretty Output:
  2 ⎛                     3                     ⎞
x₁ ⋅⎝1963.2387118689746⋅x₁  + 26.125137091749578⎠
2025-02-14 12:18:00,178 - INFO - NRMSE: 3.0722809763969257
2025-02-14 12:25:49,909 - INFO - Seed: 0
2025-02-14 12:25:49,909 - INFO - Model Pretty Output:
  2 ⎛                     3                     ⎞
x₁ ⋅⎝1963.2387118689746⋅x₁  + 26.125137091749578⎠
2025-02-14 12:25:49,960 - INFO - NRMSE: 3.0722809763969257
2025-02-14 12:56:06,371 - INFO - Seed: 0
2025-02-14 12:56:06,371 - INFO - Model Pretty Output:
                     2                                                        
22.090600572250743⋅x₁ ⋅(-x₁⋅(37.928777705621593 - 18.04828567402218⋅x₁) + 34.8

               
55188773087924)
2025-02-14 12:56:06,417 - INFO - NRMSE: 11.604052631782668
2025-02-14 13:25:46,253 - INFO - Seed: 0
2025-02-14 13:25:46,253 - INFO - Model Pretty Output:
   ⎛                      2                                                   
x₁⋅⎝- 62.55983029060907⋅x₁ ⋅(4.3554176526533931 - 17.700723226215857⋅x₁) + 62.

                 ⎞
55983029060907⋅x₁⎠
2025-02-14 13:25:46,298 - INFO - NRMSE: 2.9761224882793402
2025-02-14 14:22:43,192 - INFO - Seed: 0
2025-02-14 14:22:43,192 - INFO - Model Pretty Output:
x₁⋅(x₁ + 1.2941394492372797)⋅(x₁⋅(18.52583819489267 - 57.05806337944688⋅x₁) - 
2.5972910012470125)
2025-02-14 14:22:43,242 - INFO - NRMSE: 2.770068049666187
2025-02-14 14:25:02,134 - INFO - Seed: 0
2025-02-14 14:25:02,134 - INFO - Model Pretty Output:
-x₁⋅(x₁ + 3.0) - 2⋅x₁ + 1.0
2025-02-14 14:25:02,184 - INFO - NRMSE: 14.126532307676115
2025-02-14 14:30:46,943 - INFO - Seed: 0
2025-02-14 14:30:46,943 - INFO - Model Pretty Output:
  2 ⎛                     3                     ⎞
x₁ ⋅⎝1963.2387118689746⋅x₁  + 26.125137091749578⎠
2025-02-14 14:30:46,997 - INFO - NRMSE: 3.0722809763969257
2025-02-14 15:10:32,425 - INFO - Seed: 0
2025-02-14 15:10:32,425 - INFO - Model Pretty Output:
  2 ⎛                     2                     ⎞
x₁ ⋅⎝416.54232766200822⋅x₁  + 28.041917848024878⎠
2025-02-14 15:10:32,472 - INFO - NRMSE: 1.2713181525202488
2025-02-14 15:30:25,688 - INFO - Seed: 0
2025-02-14 15:30:25,689 - INFO - Model Pretty Output:
                     2 ⎛                    2                     ⎞
3.2198877035343236⋅x₁ ⋅⎝135.3465303459846⋅x₁  + 8.3154819754301949⎠
2025-02-14 15:30:25,922 - INFO - NRMSE: 2.3043850668676664
2025-02-14 19:22:38,083 - INFO - Seed: 0
2025-02-14 19:22:38,083 - INFO - Model Pretty Output:
                    3                                           
35.24991028831693⋅x₁ ⋅(1.5977850872318107⋅x₁ + 4.84219393296361)
2025-02-14 19:22:38,153 - INFO - NRMSE: 0.08707355383889684
2025-02-14 20:07:02,087 - INFO - Seed: 0
2025-02-14 20:07:02,087 - INFO - Model Pretty Output:
x₁ + (91.620415072668542 - 103.41089682118036⋅expneg(x₁))⋅expneg(-30.256836169
350276⋅x₁) + 23.31105565798495
2025-02-14 20:07:02,166 - INFO - NRMSE: 0.42923746899003623
2025-02-14 21:13:48,634 - INFO - Seed: 0
2025-02-14 21:13:48,634 - INFO - Model Pretty Output:
-15.190272888077851⋅expneg(x₁) + expneg(56.404881532724873⋅x₁ - 4.018378245252
25)
2025-02-14 21:13:51,596 - INFO - NRMSE: 0.6642322792102076
2025-02-14 21:36:56,288 - INFO - Seed: 0
2025-02-14 21:36:56,288 - INFO - Model Pretty Output:
13.99317635356684 - 1761.356446696241⋅x₁
2025-02-14 21:36:56,352 - INFO - NRMSE: 0.9783817309692144
2025-02-15 06:13:17,642 - INFO - Seed: 0
2025-02-15 06:13:17,642 - INFO - Model Pretty Output:
-x₁⋅(x₁⋅(x₁⋅(x₁ - 19.59855745021025) + 28.33030746035106) - 15.842134954653472
) + 3.516065076996247
2025-02-15 06:13:17,700 - INFO - NRMSE: 2.077113765805257
2025-02-25 11:51:53,136 - INFO - Seed: 0
2025-02-25 11:51:53,136 - INFO - Model Pretty Output:
                      ⎛    3                               ⎞
107.83643130563685⋅x₁⋅⎝- x₁ ⋅(-x₁ - 2.134540607352205) + x₁⎠
2025-02-25 11:51:53,213 - INFO - NRMSE: 0.5031118307850359
2025-02-25 12:29:26,043 - INFO - Seed: 0
2025-02-25 12:29:26,043 - INFO - Model Pretty Output:
  2                                                                      
x₁ ⋅(5672.4509883707723⋅x₁⋅(x₁ - 0.5893338026414648) + 892.8038138992714)
2025-02-25 12:29:26,091 - INFO - NRMSE: 1.159801728057771
2025-02-25 13:09:13,139 - INFO - Seed: 0
2025-02-25 13:09:13,139 - INFO - Model Pretty Output:
  2                                                                           
x₁ ⋅(28.03427334977055⋅x₁⋅(22.16345791186766⋅x₁ - 33.770221818524727) + 468.69

             
953602833231)
2025-02-25 13:09:16,884 - INFO - NRMSE: 1.7185489586894478
2025-02-25 14:17:31,699 - INFO - Seed: 0
2025-02-25 14:17:31,699 - INFO - Model Pretty Output:
                    2                                                     
897.8866433690374⋅x₁ ⋅(x₁ - 0.1334616490015489)⋅(x₁ + 0.12167165601485434)
2025-02-25 14:17:31,778 - INFO - NRMSE: 0.3742121702410665
2025-02-26 17:15:26,391 - INFO - Seed: 0
2025-02-26 17:15:26,393 - INFO - Model Pretty Output:
                      ⎛    3                               ⎞
107.83643130563685⋅x₁⋅⎝- x₁ ⋅(-x₁ - 2.134540607352205) + x₁⎠
2025-02-26 17:15:26,469 - INFO - NRMSE: 0.5031118307850359
2025-02-27 18:25:34,995 - INFO - Seed: 0
2025-02-27 18:25:34,996 - INFO - Model Pretty Output:
x₁⋅(-1.2586896750385578⋅x₁ - 40.357415793308338) + 2⋅x₁
2025-02-27 18:25:35,113 - INFO - NRMSE: 1.3496420720333886
2025-02-27 22:54:45,929 - INFO - Seed: 0
2025-02-27 22:54:45,929 - INFO - Model Pretty Output:
-x₁ - 184.58712919056364⋅expneg(2.301435385660094⋅expneg(x₁⋅(177.1727618801450
6 - x₁))) + 171.99072560434199
2025-02-27 22:54:46,285 - INFO - NRMSE: 0.7331716404745938
2025-02-28 15:17:06,233 - INFO - Seed: 0
2025-02-28 15:17:06,249 - INFO - Model Pretty Output:
                                  ⎛                      2                    
(0.018181837290696123 - x₁)⋅expneg⎝- 56.60738613778917⋅x₁  + 57.60738613778917

                        ⎞
⋅x₁ - 11.852833081420897⎠
2025-02-28 15:17:06,392 - INFO - NRMSE: 2.1138529937003803
2025-03-04 14:03:57,382 - INFO - Seed: 0
2025-03-04 14:03:57,382 - INFO - Model Pretty Output:
                                  ⎛                      2                    
(0.018181837290696123 - x₁)⋅expneg⎝- 56.60738613778917⋅x₁  + 57.60738613778917

                        ⎞
⋅x₁ - 11.852833081420897⎠
2025-03-04 14:03:57,429 - INFO - NRMSE: 2.1138529937003803
2025-04-11 17:57:24,216 - INFO - Seed: 0
2025-04-11 17:57:24,216 - INFO - Model Pretty Output:
  2                                                                           
x₁ ⋅(-0.0014107233212643966⋅x₁⋅(1.0022815140181374 - 0.003416140700643503⋅x₁) 

                      
+ 0.20671553813380134)
2025-04-11 17:57:24,707 - INFO - NRMSE: 0.33304892939874453
2025-04-11 19:59:50,689 - INFO - Seed: 0
2025-04-11 19:59:50,689 - INFO - Model Pretty Output:
  2                                                                           
x₁ ⋅(x₁⋅(3.6954562057229566e-6⋅x₁ - 0.0011272467688696914) + 0.180267606281096

   
56)
2025-04-11 19:59:50,770 - INFO - NRMSE: 0.12435861216843858
2025-04-22 14:44:16,654 - INFO - Seed: 0
2025-04-22 14:44:16,654 - INFO - Model Pretty Output:
-3164.1860476792513⋅x₁⋅(51.35789020450731⋅x₁ - 1.473442018416985) - 3164.18604
76792513⋅x₁ + 5.16963993115164
2025-04-22 14:44:16,704 - INFO - NRMSE: 0.7820189042850164
2025-04-28 11:05:04,636 - INFO - Seed: 0
2025-04-28 11:05:04,637 - INFO - Model Pretty Output:
-48.21990453544851⋅x₁⋅expneg(-13.644528263431821⋅x₁ - 5.320106563819325) - 48.
21990453544851⋅x₁ + 1519.0575545063177
2025-04-28 11:05:04,683 - INFO - NRMSE: 5.503378129720001
2025-04-28 11:27:39,846 - INFO - Seed: 0
2025-04-28 11:27:39,846 - INFO - Model Pretty Output:
x₁ + (0.013811003043901092 - 2⋅x₁)⋅(476472.7180856551⋅x₁ - 286.1459482122984)
2025-04-28 11:27:39,899 - INFO - NRMSE: 3.648867663342049
2025-04-28 14:30:44,223 - INFO - Seed: 0
2025-04-28 14:30:44,257 - INFO - Model Pretty Output:
  2 ⎛                     2                    ⎞                     
x₁ ⋅⎝175.83011560685095⋅x₁  - 817.7251668606856⎠ + 3.3239625458453683
2025-04-28 14:30:44,674 - INFO - NRMSE: 0.43776032279877863
2025-04-28 15:56:18,410 - INFO - Seed: 0
2025-04-28 15:56:18,410 - INFO - Model Pretty Output:
  2                                                                           
x₁ ⋅(x₁⋅(3.3460028787189144e-6⋅x₁ - 0.0009997788898407148) + 0.164574258090430

   
72)
2025-04-28 15:56:18,462 - INFO - NRMSE: 0.08739517676136375
2025-04-28 17:20:51,992 - INFO - Seed: 0
2025-04-28 17:20:51,992 - INFO - Model Pretty Output:
(2⋅x₁ + 168.19063633118415)⋅(-x₁⋅(60.18205985349878 - 513.599018659084⋅x₁) + 1
.7631503109185207)
2025-04-28 17:20:52,310 - INFO - NRMSE: 0.37720387230321545
2025-04-28 19:58:13,562 - INFO - Seed: 0
2025-04-28 19:58:13,562 - INFO - Model Pretty Output:
(-x₁ - 0.11347823744784913)⋅expneg(-29.389306745035203⋅x₁⋅(x₁⋅(2.3346187795606
137 - x₁) - 1.443058053340679))
2025-04-28 19:58:14,448 - INFO - NRMSE: 0.13069361010375521
2025-04-29 18:58:50,819 - INFO - Seed: 0
2025-04-29 18:58:50,820 - INFO - Model Pretty Output:
                             ⎛                     4                          
-0.0010997865234680451⋅expneg⎝-8.312850380530364⋅x₁ ⋅(1.4454139241567348 - x₁)

⎞
⎠
2025-04-29 18:58:51,400 - INFO - NRMSE: 0.1080313899761048
2025-04-30 01:15:41,618 - INFO - Seed: 0
2025-04-30 01:15:41,618 - INFO - Model Pretty Output:
                       2                                              
- 30.176992064591458⋅x₁  + 68.342906402217124⋅x₁ - 0.11737156346792166
2025-04-30 01:15:42,460 - INFO - NRMSE: 0.7013320036825157
2025-04-30 14:37:39,182 - INFO - Seed: 0
2025-04-30 14:37:39,182 - INFO - Model Pretty Output:
4.0⋅x₁
2025-04-30 14:37:39,253 - INFO - NRMSE: 0.7013320036825157
2025-04-30 14:46:06,209 - INFO - Seed: 0
2025-04-30 14:46:06,211 - INFO - Model Pretty Output:
4.0⋅x₁
2025-04-30 14:46:06,315 - INFO - NRMSE: 0.16499724987733067
2025-05-08 18:39:01,557 - INFO - check for smaller amplitude
2025-05-08 18:39:01,560 - INFO - Seed: 0
2025-05-08 18:39:01,560 - INFO - Model Pretty Output:
  2 ⎛                         2                         ⎞                     
x₁ ⋅⎝- 3.776932859884416e-9⋅x₁  - 0.00013123857499833182⎠ - 0.1816496446249714

 
6
2025-05-08 18:39:01,623 - INFO - NRMSE: 0.5152079495330424
2025-05-15 15:17:39,214 - INFO - check for smaller amplitude
2025-05-15 15:17:39,214 - INFO - Seed: 0
2025-05-15 15:17:39,214 - INFO - Model Pretty Output:
4.0⋅x₁
2025-05-15 15:17:39,266 - INFO - NRMSE: 2.0930985005140403
2025-05-19 20:53:09,712 - INFO - Seed: 0
2025-05-19 20:53:09,715 - INFO - Model Pretty Output:
  2                                                                           
x₁ ⋅(x₁⋅(1.909052928998303e-6⋅x₁ - 0.0004680683429492016) + 0.0851525960982109

 
)
2025-05-19 20:53:10,622 - INFO - NRMSE: 0.7258688760150425
2025-05-20 04:13:44,163 - INFO - Seed: 0
2025-05-20 04:13:44,164 - INFO - Model Pretty Output:
0.01019487426475656⋅x₁ + 0.2110412263833727⋅expneg(-x₁⋅(x₁ - 10.96899439170614
3) + x₁) - 0.01072192301583086
2025-05-20 04:13:45,154 - INFO - NRMSE: 0.08471440562697073
2025-05-20 17:58:31,392 - INFO - Seed: 0
2025-05-20 17:58:31,393 - INFO - Model Pretty Output:
0.01019503004603339⋅x₁ + 0.9898049699539666⋅expneg(-x₁⋅(x₁ - 11.96887725997488
2) + 1.5454606257492587) - 0.010722115661945272
2025-05-20 17:58:32,302 - INFO - NRMSE: 0.08471440563851311
2025-05-22 20:39:24,660 - INFO - Seed: 0
2025-05-22 20:39:24,662 - INFO - Model Pretty Output:
-x₁⋅x₂⋅(x₁⋅(0.0011836279087426365⋅x₁ - 0.003891970170426717) + 0.0038690227127
748116) + 0.057187890358706424
2025-05-22 20:39:25,398 - INFO - NRMSE: 0.10785313901874442
2025-05-23 13:51:20,981 - INFO - Seed: 0
2025-05-23 13:51:20,981 - INFO - Model Pretty Output:
   __________
  ╱   3      
╲╱  x₁  - x₁ 
2025-05-23 13:51:21,026 - INFO - NRMSE: 2.706986389219136
2025-05-23 13:52:41,010 - INFO - Seed: 0
2025-05-23 13:52:41,011 - INFO - Model Pretty Output:
                                                             1.766248185307949
                     ⎛        _____                         ⎞                 
                     ⎜       ╱   2                          ⎟                 
0.043804559305341612⋅⎝x₁ + ╲╱  x₁   + 0.00024072161775249838⎠                 

9
 
 
 
2025-05-23 13:52:41,058 - INFO - NRMSE: 1.290820394257203
2025-05-27 11:37:55,253 - INFO - Seed: 0
2025-05-27 11:37:55,253 - INFO - Model Pretty Output:
                                                             1.766248185307949
                     ⎛        _____                         ⎞                 
                     ⎜       ╱   2                          ⎟                 
0.043804559305341612⋅⎝x₁ + ╲╱  x₁   + 0.00024072161775249838⎠                 

9
 
 
 
2025-05-27 11:37:55,307 - INFO - NRMSE: 1.290820394257203
2025-05-27 12:05:12,736 - INFO - Seed: 0
2025-05-27 12:05:12,736 - INFO - Model Pretty Output:
                                                             1.766248185307949
                     ⎛        _____                         ⎞                 
                     ⎜       ╱   2                          ⎟                 
0.043804559305341612⋅⎝x₁ + ╲╱  x₁   + 0.00024072161775249838⎠                 

9
 
 
 
2025-05-27 12:05:12,788 - INFO - NRMSE: 1.290820394257203
2025-05-27 12:16:09,486 - INFO - Seed: 0
2025-05-27 12:16:09,486 - INFO - Model Pretty Output:
                                               _______________________________
                                              ╱                       ________
                          16.97016606829838⋅╲╱  0.01198557805455371⋅╲╱ 0.16786
5.2936611073258954e-7⋅x₁⋅ℯ                                                    

________________________
___________________     
78999521882⋅x₁ + 1  + 1 
                        
2025-05-27 12:16:09,537 - INFO - NRMSE: 1.0846168935657559
2025-05-27 12:38:08,318 - INFO - Seed: 0
2025-05-27 12:38:08,318 - INFO - Model Pretty Output:
      ________________________________________________________________________
     ╱    ⎛                      2                     ⎞                      
x₁⋅╲╱  x₁⋅⎝5.10143502327305e-7⋅x₁  + 0.9999823430914857⎠ + 0.9999999033667937 
2025-05-27 12:38:08,581 - INFO - NRMSE: 0.4926473806109599
2025-05-27 13:41:26,839 - INFO - Seed: 0
2025-05-27 13:41:26,839 - INFO - Model Pretty Output:
   ___________________________________________________________________________
  ╱   2                                                                       
╲╱  x₁ ⋅(x₁⋅(0.0005446501157938892⋅x₁ + 0.70489051458157166) + 0.8764146566052

_____
     
524) 
2025-05-27 13:41:26,915 - INFO - NRMSE: 0.7825707977928834
2025-05-27 14:33:54,975 - INFO - Seed: 0
2025-05-27 14:33:54,975 - INFO - Model Pretty Output:
   ⎛                                                ⎛  2⎞                     
x₁⋅⎝0.022761900102786337⋅x₁ + 1.4095835712082079⋅log⎝x₁ ⎠ + 1.4276675663896335

⎞
⎠
2025-05-27 14:33:55,025 - INFO - NRMSE: 0.6150410925427192
2025-05-27 15:23:59,208 - INFO - Seed: 0
2025-05-27 15:23:59,208 - INFO - Model Pretty Output:
                     _________________________________________________________
                    ╱                         _______________________________ 
                   ╱                         ╱                         2      
 8.6768132755868⋅╲╱   0.057846988149320576⋅╲╱  8.4762392654686215e-5⋅x₁  + 1  
ℯ                                                                             

____
    
    
+ 1 
    
2025-05-27 15:23:59,266 - INFO - NRMSE: 0.7487871527674831
2025-05-28 12:27:18,164 - INFO - Seed: 0
2025-05-28 12:27:18,164 - INFO - Model Pretty Output:
      ________________________________________________________________________
     ╱    ⎛                      2                     ⎞                      
x₁⋅╲╱  x₁⋅⎝5.10143502327305e-7⋅x₁  + 0.9999823430914857⎠ + 0.9999999033667937 
2025-05-28 12:27:18,243 - INFO - NRMSE: 0.4926473806109599
2025-05-28 12:38:15,441 - INFO - Seed: 0
2025-05-28 12:38:15,441 - INFO - Model Pretty Output:
      ________________________________________________________________________
     ╱    ⎛                      2                     ⎞                      
x₁⋅╲╱  x₁⋅⎝5.10143502327305e-7⋅x₁  + 0.9999823430914857⎠ + 0.9999999033667937 
2025-05-28 12:38:15,515 - INFO - NRMSE: 0.4926473806109599
2025-06-03 16:58:32,268 - INFO - Seed: 0
2025-06-03 16:58:32,269 - INFO - Model Pretty Output:
         _____
4 ___ 4 ╱   6 
╲╱ 2 ⋅╲╱  x₁  
2025-06-03 16:58:32,315 - INFO - NRMSE: 1.7444647596554204
2025-06-03 16:59:07,836 - INFO - Seed: 0
2025-06-03 16:59:07,836 - INFO - Model Pretty Output:
         _____
4 ___ 4 ╱   6 
╲╱ 2 ⋅╲╱  x₁  
2025-06-03 16:59:07,884 - INFO - NRMSE: 1.7444647596554204
2025-06-03 17:00:50,251 - INFO - Seed: 0
2025-06-03 17:00:50,251 - INFO - Model Pretty Output:
      _________________
     ╱    ⎛  2       ⎞ 
√2⋅╲╱  x₁⋅⎝x₁  + 4⋅x₁⎠ 
2025-06-03 17:00:50,298 - INFO - NRMSE: 2.549270178432102
2025-06-03 17:01:58,398 - INFO - Seed: 0
2025-06-03 17:01:58,398 - INFO - Model Pretty Output:
      _________________
     ╱    ⎛  2       ⎞ 
√2⋅╲╱  x₁⋅⎝x₁  + 4⋅x₁⎠ 
2025-06-03 17:01:58,445 - INFO - NRMSE: 2.5492701784321024
2025-06-03 17:02:39,810 - INFO - Seed: 0
2025-06-03 17:02:39,810 - INFO - Model Pretty Output:
      _________________
     ╱    ⎛  2       ⎞ 
√2⋅╲╱  x₁⋅⎝x₁  + 4⋅x₁⎠ 
2025-06-03 17:02:39,858 - INFO - NRMSE: 2.5492701784321024
2025-06-03 17:03:27,000 - INFO - Seed: 0
2025-06-03 17:03:27,000 - INFO - Model Pretty Output:
      _________________
     ╱    ⎛  2       ⎞ 
√2⋅╲╱  x₁⋅⎝x₁  + 4⋅x₁⎠ 
2025-06-03 17:03:27,063 - INFO - NRMSE: 2.5492701784321024
2025-06-03 17:03:58,664 - INFO - Seed: 0
2025-06-03 17:03:58,664 - INFO - Model Pretty Output:
      _________________
     ╱    ⎛  2       ⎞ 
√2⋅╲╱  x₁⋅⎝x₁  + 4⋅x₁⎠ 
2025-06-03 17:03:58,731 - INFO - NRMSE: 2.5492701784321024
2025-06-03 17:04:43,776 - INFO - Seed: 0
2025-06-03 17:04:43,776 - INFO - Model Pretty Output:
      _________________
     ╱    ⎛  2       ⎞ 
√2⋅╲╱  x₁⋅⎝x₁  + 4⋅x₁⎠ 
2025-06-03 17:04:43,866 - INFO - NRMSE: 2.5492701784321024
2025-06-03 17:25:19,696 - INFO - Seed: 0
2025-06-03 17:25:19,696 - INFO - Model Pretty Output:
      _________________
     ╱    ⎛  2       ⎞ 
√2⋅╲╱  x₁⋅⎝x₁  + 4⋅x₁⎠ 
2025-06-03 17:25:19,743 - INFO - NRMSE: 2.5492701784321024
2025-06-03 17:42:20,863 - INFO - Seed: 0
2025-06-03 17:42:20,863 - INFO - Model Pretty Output:
      _________________
     ╱    ⎛  2       ⎞ 
√2⋅╲╱  x₁⋅⎝x₁  + 4⋅x₁⎠ 
2025-06-03 17:42:20,910 - INFO - NRMSE: 2.5492701784321024
2025-06-05 14:11:31,771 - INFO - Seed: 0
2025-06-05 14:11:31,771 - INFO - Model Pretty Output:
      _________________
     ╱    ⎛  2       ⎞ 
√2⋅╲╱  x₁⋅⎝x₁  + 4⋅x₁⎠ 
2025-06-05 14:11:31,848 - INFO - NRMSE: 2.5492701784321024
2025-06-05 14:13:38,750 - INFO - Seed: 0
2025-06-05 14:13:38,750 - INFO - Model Pretty Output:
    ____________________
   ╱  1024____     ____ 
  ╱     ╲╱ x₁  + ╲╱ x₁  
╲╱   ℯ                  
2025-06-05 14:13:38,835 - INFO - NRMSE: 0.8759423722215028
2025-06-05 14:18:14,147 - INFO - Seed: 0
2025-06-05 14:18:14,147 - INFO - Model Pretty Output:
    ____________________________
   ╱    ⎛         _____       ⎞ 
  ╱     ⎜        ╱   2        ⎟ 
╲╱   x₁⋅⎝√2⋅x₁⋅╲╱  x₁   + 2⋅x₁⎠ 
2025-06-05 14:18:14,558 - INFO - NRMSE: 1.6720766871136565
2025-06-05 14:53:39,829 - INFO - Seed: 0
2025-06-05 14:53:39,829 - INFO - Model Pretty Output:
  2                                                                           
x₁ ⋅(-x₁⋅(6.538922608959706e-5 - 5.425997088950682e-8⋅x₁) + 0.0556156765257308

   
44)
2025-06-05 14:53:39,887 - INFO - NRMSE: 0.8522516118732851
2025-06-05 15:33:26,032 - INFO - Seed: 0
2025-06-05 15:33:26,032 - INFO - Model Pretty Output:
                                         _______________________________
                                      4 ╱                         2     
                   1.5368362397679268⋅╲╱  4.8044023229141115e-5⋅x₁  + 1 
667.3468912796448⋅ℯ                                                     
2025-06-05 15:33:26,640 - INFO - NRMSE: 0.7495761884852674
2025-06-05 16:57:23,143 - INFO - Seed: 0
2025-06-05 16:57:23,143 - INFO - Model Pretty Output:
  2                                                                           
x₁ ⋅(-6.722799290036608e-5⋅x₁⋅(0.9992580914668002 - 0.0008366490180128791⋅x₁) 

                       
+ 0.056090498119589056)
2025-06-05 16:57:23,221 - INFO - NRMSE: 0.8621368686645282
2025-06-05 17:54:33,049 - INFO - Seed: 0
2025-06-05 17:54:33,049 - INFO - Model Pretty Output:
                        -0.053429940433404655
                   ⎛  2⎞                     
34.931710378231979⋅⎝x₁ ⎠                     
2025-06-05 17:54:33,111 - INFO - NRMSE: 0.009585336018550088
2025-06-05 18:44:47,483 - INFO - Seed: 0
2025-06-05 18:44:47,483 - INFO - Model Pretty Output:
0.05375572340459947⋅x₁ + 0.05375572340459947⋅(x₁ - 13.507984985053804)⋅log(x₁ 
+ 10.585932151707684)
2025-06-05 18:44:47,531 - INFO - NRMSE: 1.4237448321537505
2025-06-07 15:35:36,250 - INFO - Seed: 0
2025-06-07 15:35:36,251 - INFO - Model Pretty Output:
   ⎛                      x₂⋅(-0.3233113696798081⋅log(log(0.4389249911738817⋅x
x₁⋅⎝0.2134203602949459 - ℯ                                                    

₂)) - 0.40350843424627436)⎞
                          ⎠
2025-06-07 15:35:36,311 - INFO - NRMSE: 0.13386834149126006
2025-06-07 15:40:03,783 - INFO - Seed: 0
2025-06-07 15:40:03,783 - INFO - Model Pretty Output:
x₂ + log(x₃ + log(log(x₂)))
2025-06-07 15:40:03,856 - INFO - NRMSE: 0.9663822113053417
2025-06-07 15:43:37,739 - INFO - Seed: 0
2025-06-07 15:43:37,739 - INFO - Model Pretty Output:
x₁ + log(x₁ + x₃⋅log(x₂) + 2⋅x₃ + log(x₃))
2025-06-07 15:43:37,799 - INFO - NRMSE: 3.186415177429781
2025-06-07 15:46:11,809 - INFO - Seed: 0
2025-06-07 15:46:11,809 - INFO - Model Pretty Output:
         0.8396666726439349⎛ 0.2746230758915342⋅x₂                     ⎞
 x₃ + log                  ⎝ℯ                      - 1.2793010681167805⎠
ℯ                                                                       
2025-06-07 15:46:11,867 - INFO - NRMSE: 0.5397206636110976
2025-07-22 17:51:02,200 - INFO - Seed: 0
2025-07-22 17:51:02,200 - INFO - Model Pretty Output:
x₁ + log(x₁ + x₃⋅log(x₂) + 2⋅x₃ + log(x₃))
2025-07-22 17:51:02,275 - INFO - NRMSE: 3.186415177429781
2025-07-22 17:56:41,677 - INFO - Seed: 0
2025-07-22 17:56:41,677 - INFO - Model Pretty Output:
x₁
2025-07-22 17:56:41,725 - INFO - NRMSE: 7.270315204865384
2025-07-22 17:59:53,217 - INFO - Seed: 0
2025-07-22 17:59:53,217 - INFO - Model Pretty Output:
                             -x₁
x₁ + 2.0 + 7.38905609893065⋅ℯ   
2025-07-22 17:59:53,270 - INFO - NRMSE: 7.270315204865384
2025-07-22 18:04:15,923 - INFO - Seed: 0
2025-07-22 18:04:15,923 - INFO - Model Pretty Output:
                             -x₁
x₁ + 2.0 + 7.38905609893065⋅ℯ   
2025-07-22 18:04:15,970 - INFO - NRMSE: 107.21504283878087
2025-07-25 11:46:52,536 - INFO - Seed: 0
2025-07-25 11:46:52,537 - INFO - Model Pretty Output:
                             -x₁
x₁ + 2.0 + 7.38905609893065⋅ℯ   
2025-07-25 11:46:52,586 - INFO - NRMSE: 413.74921430631133
2025-07-25 13:35:21,645 - INFO - Seed: 0
2025-07-25 13:35:21,646 - INFO - Model Pretty Output:
                             -x₁
x₁ + 2.0 + 7.38905609893065⋅ℯ   
2025-07-25 13:35:21,719 - INFO - NRMSE: 413.74921430631133
2025-07-25 17:39:35,604 - INFO - Seed: 0
2025-07-25 17:39:35,604 - INFO - Model Pretty Output:
x₂⋅(-x₁ + 0.2668726753980835⋅x₂⋅(x₂ - 3.9744773735536034) + x₂ + 1.78283521540
8525)
2025-07-25 17:39:35,664 - INFO - NRMSE: 0.5988631528788181
2025-07-25 17:45:20,335 - INFO - Seed: 0
2025-07-25 17:45:20,335 - INFO - Model Pretty Output:
x₁
2025-07-25 17:45:20,394 - INFO - NRMSE: 0.42144672227940744
2025-07-25 17:48:16,631 - INFO - Seed: 0
2025-07-25 17:48:16,632 - INFO - Model Pretty Output:
x₁
2025-07-25 17:48:16,689 - INFO - NRMSE: 0.42144672227940744
2025-07-25 18:17:06,680 - INFO - Seed: 0
2025-07-25 18:17:06,680 - INFO - Model Pretty Output:
x₁
2025-07-25 18:17:06,731 - INFO - NRMSE: 2.092512935712387
2025-07-28 11:49:15,735 - INFO - Seed: 0
2025-07-28 11:49:15,736 - INFO - Model Pretty Output:
x₁ + x₂ + log(2⋅x₃)
2025-07-28 11:49:15,792 - INFO - NRMSE: 5.892877030807063
2025-07-28 11:52:08,367 - INFO - Seed: 0
2025-07-28 11:52:08,367 - INFO - Model Pretty Output:
         ⎛                      0.06625758859316393⋅x₃⋅(x₂ + 23.60855251761118
-x₁ - x₂⋅⎝3.5233090007497196 - ℯ                                              

7)⎞                     
  ⎠ + 1.0001485092944702
2025-07-28 11:52:08,414 - INFO - NRMSE: 0.6624418813883971
2025-07-28 12:29:29,934 - INFO - Seed: 0
2025-07-28 12:29:29,934 - INFO - Model Pretty Output:
                             -x₁
x₁ + 2.0 + 7.38905609893065⋅ℯ   
2025-07-28 12:29:30,219 - INFO - NRMSE: 1.6951258068835224
2025-07-28 14:57:31,409 - INFO - Seed: 0
2025-07-28 14:57:31,411 - INFO - Model Pretty Output:
x₂⋅(-4.420533369702091⋅x₁ + 4.420533369702091⋅x₂⋅log(0.9794310893305753⋅x₂ - 1
.4416378158483538) - 5.818700391760992)
2025-07-28 14:57:31,496 - INFO - NRMSE: 0.019410094810722738
2025-07-28 17:42:40,109 - INFO - Seed: 0
2025-07-28 17:42:40,109 - INFO - Model Pretty Output:
x₂⋅(-4.420533369702091⋅x₁ + 4.420533369702091⋅x₂⋅log(0.9794310893305753⋅x₂ - 1
.4416378158483538) - 5.818700391760992)
2025-07-28 17:42:40,410 - INFO - NRMSE: 0.019410094810722738
2025-07-29 19:02:18,645 - INFO - Seed: 0
2025-07-29 19:02:18,646 - INFO - Model Pretty Output:
                        0.8325749810995167                                   
2.076818818104206⋅x₂⋅log                  (log(log(x₂)) + 0.9082512894048711)
2025-07-29 19:02:18,692 - INFO - NRMSE: 0.01733335699352797
2025-07-29 19:15:33,508 - INFO - Seed: 0
2025-07-29 19:15:33,508 - INFO - Model Pretty Output:
x₂⋅(-4.420533369702091⋅x₁ + 4.420533369702091⋅x₂⋅log(0.9794310893305753⋅x₂ - 1
.4416378158483538) - 5.818700391760992)
2025-07-29 19:15:33,555 - INFO - NRMSE: 0.019410094810722738
2025-08-05 16:15:47,348 - INFO - Seed: 0
2025-08-05 16:15:47,348 - INFO - Model Pretty Output:
1.1102230246251565e-16 - log(x₃)
2025-08-05 16:15:47,400 - INFO - NRMSE: 2.1768500767568386
2025-08-05 16:22:09,653 - INFO - Seed: 0
2025-08-05 16:22:09,653 - INFO - Model Pretty Output:
      x₁                     
- x₁⋅ℯ   + 2⋅x₁ + x₂⋅x₃ + 2.0
2025-08-05 16:22:09,702 - INFO - NRMSE: 2.1768496783760245
2025-08-05 16:30:34,406 - INFO - Seed: 0
2025-08-05 16:30:34,406 - INFO - Model Pretty Output:
1.1102230246251565e-16 - log(x₃)
2025-08-05 16:30:34,458 - INFO - NRMSE: 2.176849659429565
2025-08-12 11:53:24,132 - INFO - Seed: 0
2025-08-12 11:53:24,132 - INFO - Model Pretty Output:
0
2025-08-12 11:53:24,209 - INFO - NRMSE: 2.8084299520783422
2025-08-12 12:26:54,537 - INFO - Seed: 0
2025-08-12 12:26:54,538 - INFO - Model Pretty Output:
0
2025-08-12 12:26:54,619 - INFO - NRMSE: 2.8084299520783422
2025-08-12 12:52:09,704 - INFO - Seed: 0
2025-08-12 12:52:09,704 - INFO - Model Pretty Output:
0
2025-08-12 12:52:09,770 - INFO - NRMSE: 2.8084299520783422
2025-08-12 17:13:14,371 - INFO - Seed: 0
2025-08-12 17:13:14,371 - INFO - Model Pretty Output:
0
2025-08-12 17:13:14,642 - INFO - NRMSE: 2.8084299520783422
2025-08-12 17:43:04,078 - INFO - Seed: 0
2025-08-12 17:43:04,078 - INFO - Model Pretty Output:
0
2025-08-12 17:43:04,130 - INFO - NRMSE: 2.8084299520783422
2025-08-12 17:46:02,972 - INFO - Seed: 0
2025-08-12 17:46:02,972 - INFO - Model Pretty Output:
3⋅x₂ + x₃
2025-08-12 17:46:03,030 - INFO - NRMSE: 2.859523606768416
2025-08-12 17:48:19,176 - INFO - Seed: 0
2025-08-12 17:48:19,176 - INFO - Model Pretty Output:
3⋅x₂ + x₃
2025-08-12 17:48:19,228 - INFO - NRMSE: 2.859523606768416
2025-08-12 17:49:28,071 - INFO - Seed: 0
2025-08-12 17:49:28,071 - INFO - Model Pretty Output:
    x₃     
x₃⋅ℯ   + x₃
2025-08-12 17:49:28,122 - INFO - NRMSE: 2.4465843040837556
2025-08-12 18:07:05,791 - INFO - Seed: 0
2025-08-12 18:07:05,791 - INFO - Model Pretty Output:
    x₃     
x₃⋅ℯ   + x₃
2025-08-12 18:07:05,840 - INFO - NRMSE: 2.4465843040837556
2025-08-14 11:49:05,901 - INFO - Seed: 0
2025-08-14 11:49:05,901 - INFO - Model Pretty Output:
2.0⋅x₁ + 1.0
2025-08-14 11:49:06,050 - INFO - NRMSE: 14778562.999805916
2025-08-14 12:00:49,242 - INFO - Seed: 0
2025-08-14 12:00:49,242 - INFO - Model Pretty Output:
2.0⋅x₁ + 1.0
2025-08-14 12:00:49,324 - INFO - NRMSE: 14732443.769851357
2025-08-14 12:10:07,833 - INFO - Seed: 0
2025-08-14 12:10:07,833 - INFO - Model Pretty Output:
2.0⋅x₁ + 1.0
2025-08-14 12:10:07,912 - INFO - NRMSE: 14732443.769851357
2025-08-14 13:31:49,348 - INFO - Seed: 0
2025-08-14 13:31:49,348 - INFO - Model Pretty Output:
  2       
x₁  + 2⋅x₂
2025-08-14 13:31:49,439 - INFO - NRMSE: 14732443.769851357
2025-08-14 13:34:56,864 - INFO - Seed: 0
2025-08-14 13:34:56,864 - INFO - Model Pretty Output:
  2       
x₁  + 2⋅x₂
2025-08-14 13:34:56,958 - INFO - NRMSE: 14732443.769851357
2025-08-14 14:18:43,408 - INFO - Seed: 0
2025-08-14 14:18:43,408 - INFO - Model Pretty Output:
  2       
x₁  + 2⋅x₂
2025-08-14 14:18:43,473 - INFO - NRMSE: 14732443.769851357
2025-08-14 14:21:31,870 - INFO - Seed: 0
2025-08-14 14:21:31,870 - INFO - Model Pretty Output:
  2       
x₁  + 2⋅x₂
2025-08-14 14:21:31,934 - INFO - NRMSE: 14732443.769851357
2025-08-14 15:35:16,495 - INFO - Seed: 0
2025-08-14 15:35:16,495 - INFO - Model Pretty Output:
  2       
x₁  + 2⋅x₂
2025-08-14 15:35:16,560 - INFO - NRMSE: 14732443.769851357
2025-08-14 15:37:45,287 - INFO - Seed: 0
2025-08-14 15:37:45,287 - INFO - Model Pretty Output:
  2       
x₁  + 2⋅x₂
2025-08-14 15:37:45,360 - INFO - NRMSE: 14732443.769851357
2025-08-14 15:40:42,694 - INFO - Seed: 0
2025-08-14 15:40:42,694 - INFO - Model Pretty Output:
  2       
x₁  + 2⋅x₂
2025-08-14 15:40:42,762 - INFO - NRMSE: 14732443.769851357
2025-08-14 15:42:43,085 - INFO - Seed: 0
2025-08-14 15:42:43,085 - INFO - Model Pretty Output:
  2       
x₁  + 2⋅x₂
2025-08-14 15:42:43,151 - INFO - NRMSE: 14732443.769851357
2025-08-14 15:45:24,447 - INFO - Seed: 0
2025-08-14 15:45:24,447 - INFO - Model Pretty Output:
  2       
x₁  + 2⋅x₂
2025-08-14 15:45:24,514 - INFO - NRMSE: 14732443.769851357
2025-08-14 15:48:53,098 - INFO - Seed: 0
2025-08-14 15:48:53,098 - INFO - Model Pretty Output:
  2       
x₁  + 2⋅x₂
2025-08-14 15:50:58,938 - INFO - Seed: 0
2025-08-14 15:50:58,938 - INFO - Model Pretty Output:
  2       
x₁  + 2⋅x₂
2025-08-14 15:52:09,572 - INFO - Seed: 0
2025-08-14 15:52:09,572 - INFO - Model Pretty Output:
2⋅x₁ + 2⋅x₂
2025-08-14 15:53:53,333 - INFO - Seed: 0
2025-08-14 15:53:53,333 - INFO - Model Pretty Output:
2⋅x₁ + 2⋅x₂
2025-08-14 15:55:58,328 - INFO - Seed: 0
2025-08-14 15:55:58,329 - INFO - Model Pretty Output:
2⋅x₁ + 2⋅x₂
2025-08-14 15:58:01,108 - INFO - Seed: 0
2025-08-14 15:58:01,108 - INFO - Model Pretty Output:
2⋅x₁ + 2⋅x₂
2025-08-14 15:59:27,969 - INFO - Seed: 0
2025-08-14 15:59:27,969 - INFO - Model Pretty Output:
2⋅x₁ + 2⋅x₂
2025-08-14 16:00:36,516 - INFO - Seed: 0
2025-08-14 16:00:36,516 - INFO - Model Pretty Output:
2⋅x₁ + 2⋅x₂
2025-08-14 16:02:21,100 - INFO - Seed: 0
2025-08-14 16:02:21,100 - INFO - Model Pretty Output:
2⋅x₁ + 2⋅x₂
2025-08-14 16:47:27,436 - INFO - Seed: 0
2025-08-14 16:47:27,436 - INFO - Model Pretty Output:
2⋅x₁ + 2⋅x₂
2025-08-18 17:48:22,034 - INFO - Seed: 0
2025-08-18 17:48:22,034 - INFO - Model Pretty Output:
    2                  
- x₁  + x₁⋅x₂ + x₁ - x₂
2025-08-18 17:52:51,654 - INFO - Seed: 0
2025-08-18 17:52:51,654 - INFO - Model Pretty Output:
    2                  
- x₁  + x₁⋅x₂ + x₁ - x₂
2025-08-18 17:54:49,318 - INFO - Seed: 0
2025-08-18 17:54:49,318 - INFO - Model Pretty Output:
    2                  
- x₁  + x₁⋅x₂ + x₁ - x₂
2025-08-19 15:55:56,001 - INFO - Seed: 0
2025-08-19 15:55:56,001 - INFO - Model Pretty Output:
      ⎛                                                                       
x₂⋅log⎝-2.4479292541559903⋅(x₁ - 3.0793698165566585⋅log(x₂) + 0.36018122996082

      x₁⎞
885)⋅ℯ  ⎠
2025-08-19 17:30:26,067 - INFO - Seed: 0
2025-08-19 17:30:26,067 - INFO - Model Pretty Output:
                  ⎛ x₂⎞
      x₁     2    ⎝ℯ  ⎠
- x₁⋅ℯ   + x₂  - ℯ     
2025-08-19 17:31:49,837 - INFO - Seed: 0
2025-08-19 17:31:49,837 - INFO - Model Pretty Output:
                  ⎛ x₂⎞
      x₁     2    ⎝ℯ  ⎠
- x₁⋅ℯ   + x₂  - ℯ     
2025-08-19 17:34:26,894 - INFO - Seed: 0
2025-08-19 17:34:26,895 - INFO - Model Pretty Output:
    3          
6⋅x₂ ⋅(x₁ + x₂)
2025-08-19 17:43:41,974 - INFO - Seed: 0
2025-08-19 17:43:41,974 - INFO - Model Pretty Output:
370.5711779442235⋅x₂⋅(x₁ - x₂)⋅(-2⋅x₂ - 362.43549242725925) + 608.169601786903
4
2025-08-21 16:22:17,498 - INFO - Seed: 0
2025-08-21 16:22:17,498 - INFO - Model Pretty Output:
    3          
6⋅x₂ ⋅(x₁ + x₂)
2025-08-21 17:19:38,771 - INFO - Seed: 0
2025-08-21 17:19:38,771 - INFO - Model Pretty Output:
0
2025-08-22 17:14:36,972 - INFO - Seed: 0
2025-08-22 17:14:36,973 - INFO - Model Pretty Output:
2⋅x₁ + 2⋅x₂
2025-08-22 17:16:33,131 - INFO - Seed: 0
2025-08-22 17:16:33,131 - INFO - Model Pretty Output:
3⋅x₂ + x₃
2025-08-22 17:16:33,177 - INFO - NRMSE: 37.73994327093725
2025-09-03 15:16:45,132 - INFO - Seed: 0
2025-09-03 15:16:45,136 - INFO - Model Pretty Output:
                                                              0.84634605162761
4.1623277181857483⋅(x₁⋅log(log(log(x₂)) + 0.9062379368355828))                

26
  
2025-09-03 15:16:45,188 - INFO - NRMSE: 0.08975642417218763
2025-09-03 15:38:40,259 - INFO - Seed: 0
2025-09-03 15:38:40,259 - INFO - Model Pretty Output:
                                                                              
                   ⎛                      ⎛   ⎛   ⎛                      x₁⎞  
6.7262628848377842⋅⎝0.4742919386246813⋅log⎝x₃⋅⎝log⎝11.516720835774006 - ℯ  ⎠ +

                          2.5552182739329368
                   ⎞⎞    ⎞                  
 14.878723528173166⎠⎠ + 1⎠                  
2025-09-03 15:38:40,312 - INFO - NRMSE: 0.3864152693312692
2025-09-05 18:51:46,182 - INFO - Seed: 0
2025-09-05 18:51:46,182 - INFO - Model Pretty Output:
                                                                              
                   ⎛                      ⎛   ⎛   ⎛                      x₁⎞  
6.7262628848377842⋅⎝0.4742919386246813⋅log⎝x₃⋅⎝log⎝11.516720835774006 - ℯ  ⎠ +

                          2.5552182739329368
                   ⎞⎞    ⎞                  
 14.878723528173166⎠⎠ + 1⎠                  
2025-09-05 18:51:46,241 - INFO - NRMSE: 0.3864152693312692
